<?xml version="1.0" encoding="UTF-8"?>
<!-- Generated by org.testng.reporters.JUnitXMLReporter -->
<testsuite ignored="0" hostname="DESKTOP-RP7TVBL" failures="0" tests="6" name="Default test" time="21.58" errors="0" timestamp="2025-05-27T22:40:50 IST">
  <testcase classname="apiTestCases.CaseManagementApiTest" name="createBillingCase" time="2.98"/>
  <testcase classname="apiTestCases.CaseManagementApiTest" name="createBillingCase" time="2.173"/>
  <testcase classname="apiTestCases.CaseManagementApiTest" name="createBillingCase" time="3.914"/>
  <testcase classname="apiTestCases.CaseManagementApiTest" name="createBillingCase" time="3.076"/>
  <testcase classname="apiTestCases.CaseManagementApiTest" name="createBillingCase" time="1.808"/>
  <testcase classname="apiTestCases.CaseManagementApiTest" name="createBillingCase" time="2.137"/>
</testsuite> <!-- Default test -->
