<?xml version="1.0" encoding="UTF-8"?>
<testng-results ignored="0" total="6" passed="6" failed="0" skipped="0">
  <reporter-output>
  </reporter-output>
  <suite started-at="2025-05-27T22:40:28 IST" name="Default suite" finished-at="2025-05-27T22:40:50 IST" duration-ms="21580">
    <groups>
    </groups>
    <test started-at="2025-05-27T22:40:28 IST" name="Default test" finished-at="2025-05-27T22:40:50 IST" duration-ms="21580">
      <class name="apiTestCases.CaseManagementApiTest">
        <test-method is-config="true" signature="setUp()[pri:0, instance:apiTestCases.CaseManagementApiTest@fa4c865]" started-at="2025-05-27T22:40:28 IST" name="setUp" finished-at="2025-05-27T22:40:32 IST" duration-ms="3936" status="PASS">
          <reporter-output>
          </reporter-output>
        </test-method> <!-- setUp -->
        <test-method signature="createBillingCase(java.lang.String)[pri:1, instance:apiTestCases.CaseManagementApiTest@fa4c865]" started-at="2025-05-27T22:40:33 IST" name="createBillingCase" data-provider="AllColumnDataProviderObject[]" finished-at="2025-05-27T22:40:36 IST" duration-ms="2980" status="PASS">
          <params>
            <param index="0">
              <value>
                <![CDATA[R0C1]]>
              </value>
            </param>
          </params>
          <reporter-output>
          </reporter-output>
        </test-method> <!-- createBillingCase -->
        <test-method signature="createBillingCase(java.lang.String)[pri:1, instance:apiTestCases.CaseManagementApiTest@fa4c865]" started-at="2025-05-27T22:40:36 IST" name="createBillingCase" data-provider="AllColumnDataProviderObject[]" finished-at="2025-05-27T22:40:39 IST" duration-ms="2173" status="PASS">
          <params>
            <param index="0">
              <value>
                <![CDATA[R1C1]]>
              </value>
            </param>
          </params>
          <reporter-output>
          </reporter-output>
        </test-method> <!-- createBillingCase -->
        <test-method signature="createBillingCase(java.lang.String)[pri:1, instance:apiTestCases.CaseManagementApiTest@fa4c865]" started-at="2025-05-27T22:40:39 IST" name="createBillingCase" data-provider="AllColumnDataProviderObject[]" finished-at="2025-05-27T22:40:43 IST" duration-ms="3914" status="PASS">
          <params>
            <param index="0">
              <value>
                <![CDATA[R2C1]]>
              </value>
            </param>
          </params>
          <reporter-output>
          </reporter-output>
        </test-method> <!-- createBillingCase -->
        <test-method signature="createBillingCase(java.lang.String)[pri:1, instance:apiTestCases.CaseManagementApiTest@fa4c865]" started-at="2025-05-27T22:40:43 IST" name="createBillingCase" data-provider="AllColumnDataProviderObject[]" finished-at="2025-05-27T22:40:46 IST" duration-ms="3076" status="PASS">
          <params>
            <param index="0">
              <value>
                <![CDATA[R3C1]]>
              </value>
            </param>
          </params>
          <reporter-output>
          </reporter-output>
        </test-method> <!-- createBillingCase -->
        <test-method signature="createBillingCase(java.lang.String)[pri:1, instance:apiTestCases.CaseManagementApiTest@fa4c865]" started-at="2025-05-27T22:40:46 IST" name="createBillingCase" data-provider="AllColumnDataProviderObject[]" finished-at="2025-05-27T22:40:47 IST" duration-ms="1808" status="PASS">
          <params>
            <param index="0">
              <value>
                <![CDATA[R4C1]]>
              </value>
            </param>
          </params>
          <reporter-output>
          </reporter-output>
        </test-method> <!-- createBillingCase -->
        <test-method signature="createBillingCase(java.lang.String)[pri:1, instance:apiTestCases.CaseManagementApiTest@fa4c865]" started-at="2025-05-27T22:40:47 IST" name="createBillingCase" data-provider="AllColumnDataProviderObject[]" finished-at="2025-05-27T22:40:50 IST" duration-ms="2137" status="PASS">
          <params>
            <param index="0">
              <value>
                <![CDATA[R5C1]]>
              </value>
            </param>
          </params>
          <reporter-output>
          </reporter-output>
        </test-method> <!-- createBillingCase -->
      </class> <!-- apiTestCases.CaseManagementApiTest -->
    </test> <!-- Default test -->
  </suite> <!-- Default suite -->
</testng-results>
